Build started 11/12/2015 10:51:30.
     1>Project "C:\Users\c00135843\Desktop\AI\AsteroidWarsJSSS\AsteroidWars\AsteroidWars.vcxproj" on node 2 (Build target(s)).
     1>ClCompile:
         C:\Program Files (x86)\Microsoft Visual Studio 12.0\VC\bin\CL.exe /c /I"C:\SFML-2.3.2\include" /ZI /nologo /W3 /WX- /sdl /Od /Oy- /D WIN32 /D _DEBUG /D _CONSOLE /D _LIB /D _UNICODE /D UNICODE /Gm /EHsc /RTC1 /MDd /GS /fp:precise /Zc:wchar_t /Zc:forScope /Yc"stdafx.h" /Fp"Debug\AsteroidWars.pch" /Fo"Debug\\" /Fd"Debug\vc120.pdb" /Gd /TP /analyze- /errorReport:prompt stdafx.cpp
         stdafx.cpp
         C:\Program Files (x86)\Microsoft Visual Studio 12.0\VC\bin\CL.exe /c /I"C:\SFML-2.3.2\include" /ZI /nologo /W3 /WX- /sdl /Od /Oy- /D WIN32 /D _DEBUG /D _CONSOLE /D _LIB /D _UNICODE /D UNICODE /Gm /EHsc /RTC1 /MDd /GS /fp:precise /Zc:wchar_t /Zc:forScope /Yu"stdafx.h" /Fp"Debug\AsteroidWars.pch" /Fo"Debug\\" /Fd"Debug\vc120.pdb" /Gd /TP /analyze- /errorReport:prompt AsteroidWars.cpp Bullet.cpp Player.cpp Scene.cpp
         Scene.cpp
         Player.cpp
     1>c:\users\c00135843\desktop\ai\asteroidwarsjsss\asteroidwars\player.cpp(15): warning C4244: '=' : conversion from 'int' to 'float', possible loss of data
     1>c:\users\c00135843\desktop\ai\asteroidwarsjsss\asteroidwars\player.cpp(16): warning C4244: '=' : conversion from 'int' to 'float', possible loss of data
         Bullet.cpp
         AsteroidWars.cpp
         Generating Code...
       Link:
         C:\Program Files (x86)\Microsoft Visual Studio 12.0\VC\bin\link.exe /ERRORREPORT:PROMPT /OUT:"C:\Users\c00135843\Desktop\AI\AsteroidWarsJSSS\Debug\AsteroidWars.exe" /INCREMENTAL /NOLOGO /LIBPATH:"C:\SFML-2.3.2\lib" kernel32.lib user32.lib gdi32.lib winspool.lib comdlg32.lib advapi32.lib shell32.lib ole32.lib oleaut32.lib uuid.lib odbc32.lib odbccp32.lib /MANIFEST /MANIFESTUAC:"level='asInvoker' uiAccess='false'" /manifest:embed /DEBUG /PDB:"C:\Users\c00135843\Desktop\AI\AsteroidWarsJSSS\Debug\AsteroidWars.pdb" /SUBSYSTEM:CONSOLE /TLBID:1 /DYNAMICBASE /NXCOMPAT /IMPLIB:"C:\Users\c00135843\Desktop\AI\AsteroidWarsJSSS\Debug\AsteroidWars.lib" /MACHINE:X86 Debug\AsteroidWars.obj
         Debug\Bullet.obj
         Debug\Player.obj
         Debug\Scene.obj
         Debug\stdafx.obj
         AsteroidWars.vcxproj -> C:\Users\c00135843\Desktop\AI\AsteroidWarsJSSS\Debug\AsteroidWars.exe
     1>Done Building Project "C:\Users\c00135843\Desktop\AI\AsteroidWarsJSSS\AsteroidWars\AsteroidWars.vcxproj" (Build target(s)).

Build succeeded.

Time Elapsed 00:00:02.60
